{"/home/masa/codes/fit/plop-react/utils/component.js": {"path":"/home/masa/codes/fit/plop-react/utils/component.js","statementMap":{"0":{"start":{"line":1,"column":11},"end":{"line":1,"column":24}},"1":{"start":{"line":3,"column":19},"end":{"line":3,"column":27}},"2":{"start":{"line":5,"column":22},"end":{"line":7,"column":1}},"3":{"start":{"line":6,"column":2},"end":{"line":6,"column":39}},"4":{"start":{"line":9,"column":24},"end":{"line":12,"column":1}},"5":{"start":{"line":10,"column":21},"end":{"line":10,"column":49}},"6":{"start":{"line":11,"column":2},"end":{"line":11,"column":50}},"7":{"start":{"line":14,"column":26},"end":{"line":16,"column":1}},"8":{"start":{"line":15,"column":2},"end":{"line":15,"column":44}},"9":{"start":{"line":18,"column":19},"end":{"line":20,"column":1}},"10":{"start":{"line":19,"column":2},"end":{"line":19,"column":41}},"11":{"start":{"line":22,"column":0},"end":{"line":25,"column":2}}},"fnMap":{"0":{"name":"(anonymous_0)","decl":{"start":{"line":5,"column":22},"end":{"line":5,"column":23}},"loc":{"start":{"line":5,"column":39},"end":{"line":7,"column":1}},"line":5},"1":{"name":"(anonymous_1)","decl":{"start":{"line":9,"column":24},"end":{"line":9,"column":25}},"loc":{"start":{"line":9,"column":54},"end":{"line":12,"column":1}},"line":9},"2":{"name":"(anonymous_2)","decl":{"start":{"line":14,"column":26},"end":{"line":14,"column":27}},"loc":{"start":{"line":14,"column":53},"end":{"line":16,"column":1}},"line":14},"3":{"name":"(anonymous_3)","decl":{"start":{"line":18,"column":19},"end":{"line":18,"column":20}},"loc":{"start":{"line":18,"column":36},"end":{"line":20,"column":1}},"line":18}},"branchMap":{},"s":{"0":1,"1":1,"2":1,"3":0,"4":1,"5":0,"6":0,"7":1,"8":0,"9":1,"10":2,"11":1},"f":{"0":0,"1":0,"2":0,"3":2},"b":{},"_coverageSchema":"332fd63041d2c1bcb487cc26dd0d5f7d97098a6c","hash":"d3025577a6ee397a3175d4610328cba9e313ed75"}
}
